-------------------------------------------------------------------------------
Test set: com.company.wextag.service.impl.PurchaseTransactionServiceImplTest
-------------------------------------------------------------------------------
Tests run: 5, Failures: 0, Errors: 5, Skipped: 0, Time elapsed: 5.543 s <<< FAILURE! - in com.company.wextag.service.impl.PurchaseTransactionServiceImplTest
testSaveTransaction  Time elapsed: 5.384 s  <<< ERROR!
com.github.tomakehurst.wiremock.common.FatalStartupException: java.lang.RuntimeException: java.io.IOException: Failed to bind to /0.0.0.0:8080
	at com.company.wextag.service.impl.PurchaseTransactionServiceImplTest.setUp(PurchaseTransactionServiceImplTest.java:67)
Caused by: java.lang.RuntimeException: java.io.IOException: Failed to bind to /0.0.0.0:8080
	at com.company.wextag.service.impl.PurchaseTransactionServiceImplTest.setUp(PurchaseTransactionServiceImplTest.java:67)
Caused by: java.io.IOException: Failed to bind to /0.0.0.0:8080
	at com.company.wextag.service.impl.PurchaseTransactionServiceImplTest.setUp(PurchaseTransactionServiceImplTest.java:67)
Caused by: java.net.BindException: Address already in use: bind
	at com.company.wextag.service.impl.PurchaseTransactionServiceImplTest.setUp(PurchaseTransactionServiceImplTest.java:67)

testGetTransactionById  Time elapsed: 0.017 s  <<< ERROR!
com.github.tomakehurst.wiremock.common.FatalStartupException: java.lang.RuntimeException: java.io.IOException: Failed to bind to /0.0.0.0:8080
	at com.company.wextag.service.impl.PurchaseTransactionServiceImplTest.setUp(PurchaseTransactionServiceImplTest.java:67)
Caused by: java.lang.RuntimeException: java.io.IOException: Failed to bind to /0.0.0.0:8080
	at com.company.wextag.service.impl.PurchaseTransactionServiceImplTest.setUp(PurchaseTransactionServiceImplTest.java:67)
Caused by: java.io.IOException: Failed to bind to /0.0.0.0:8080
	at com.company.wextag.service.impl.PurchaseTransactionServiceImplTest.setUp(PurchaseTransactionServiceImplTest.java:67)
Caused by: java.net.BindException: Address already in use: bind
	at com.company.wextag.service.impl.PurchaseTransactionServiceImplTest.setUp(PurchaseTransactionServiceImplTest.java:67)

testGetAllTransactions  Time elapsed: 0.017 s  <<< ERROR!
com.github.tomakehurst.wiremock.common.FatalStartupException: java.lang.RuntimeException: java.io.IOException: Failed to bind to /0.0.0.0:8080
	at com.company.wextag.service.impl.PurchaseTransactionServiceImplTest.setUp(PurchaseTransactionServiceImplTest.java:67)
Caused by: java.lang.RuntimeException: java.io.IOException: Failed to bind to /0.0.0.0:8080
	at com.company.wextag.service.impl.PurchaseTransactionServiceImplTest.setUp(PurchaseTransactionServiceImplTest.java:67)
Caused by: java.io.IOException: Failed to bind to /0.0.0.0:8080
	at com.company.wextag.service.impl.PurchaseTransactionServiceImplTest.setUp(PurchaseTransactionServiceImplTest.java:67)
Caused by: java.net.BindException: Address already in use: bind
	at com.company.wextag.service.impl.PurchaseTransactionServiceImplTest.setUp(PurchaseTransactionServiceImplTest.java:67)

testModelToDto  Time elapsed: 0.021 s  <<< ERROR!
com.github.tomakehurst.wiremock.common.FatalStartupException: java.lang.RuntimeException: java.io.IOException: Failed to bind to /0.0.0.0:8080
	at com.company.wextag.service.impl.PurchaseTransactionServiceImplTest.setUp(PurchaseTransactionServiceImplTest.java:67)
Caused by: java.lang.RuntimeException: java.io.IOException: Failed to bind to /0.0.0.0:8080
	at com.company.wextag.service.impl.PurchaseTransactionServiceImplTest.setUp(PurchaseTransactionServiceImplTest.java:67)
Caused by: java.io.IOException: Failed to bind to /0.0.0.0:8080
	at com.company.wextag.service.impl.PurchaseTransactionServiceImplTest.setUp(PurchaseTransactionServiceImplTest.java:67)
Caused by: java.net.BindException: Address already in use: bind
	at com.company.wextag.service.impl.PurchaseTransactionServiceImplTest.setUp(PurchaseTransactionServiceImplTest.java:67)

testGetConvertedTransaction  Time elapsed: 0.014 s  <<< ERROR!
com.github.tomakehurst.wiremock.common.FatalStartupException: java.lang.RuntimeException: java.io.IOException: Failed to bind to /0.0.0.0:8080
	at com.company.wextag.service.impl.PurchaseTransactionServiceImplTest.setUp(PurchaseTransactionServiceImplTest.java:67)
Caused by: java.lang.RuntimeException: java.io.IOException: Failed to bind to /0.0.0.0:8080
	at com.company.wextag.service.impl.PurchaseTransactionServiceImplTest.setUp(PurchaseTransactionServiceImplTest.java:67)
Caused by: java.io.IOException: Failed to bind to /0.0.0.0:8080
	at com.company.wextag.service.impl.PurchaseTransactionServiceImplTest.setUp(PurchaseTransactionServiceImplTest.java:67)
Caused by: java.net.BindException: Address already in use: bind
	at com.company.wextag.service.impl.PurchaseTransactionServiceImplTest.setUp(PurchaseTransactionServiceImplTest.java:67)

