<?xml version="1.0" encoding="UTF-8"?>
<testsuite xmlns:xsi="http://www.w3.org/2001/XMLSchema-instance" xsi:noNamespaceSchemaLocation="https://maven.apache.org/surefire/maven-surefire-plugin/xsd/surefire-test-report.xsd" name="com.company.wextag.service.impl.PurchaseTransactionServiceImplTest" time="5.543" tests="5" errors="5" skipped="0" failures="0">
  <properties>
[...]
</properties>
  <testcase name="testSaveTransaction" classname="com.company.wextag.service.impl.PurchaseTransactionServiceImplTest" time="5.384">
    <error message="java.lang.RuntimeException: java.io.IOException: Failed to bind to /0.0.0.0:8080" type="com.github.tomakehurst.wiremock.common.FatalStartupException">com.github.tomakehurst.wiremock.common.FatalStartupException: java.lang.RuntimeException: java.io.IOException: Failed to bind to /0.0.0.0:8080
	at com.company.wextag.service.impl.PurchaseTransactionServiceImplTest.setUp(PurchaseTransactionServiceImplTest.java:67)
Caused by: java.lang.RuntimeException: java.io.IOException: Failed to bind to /0.0.0.0:8080
	at com.company.wextag.service.impl.PurchaseTransactionServiceImplTest.setUp(PurchaseTransactionServiceImplTest.java:67)
Caused by: java.io.IOException: Failed to bind to /0.0.0.0:8080
	at com.company.wextag.service.impl.PurchaseTransactionServiceImplTest.setUp(PurchaseTransactionServiceImplTest.java:67)
Caused by: java.net.BindException: Address already in use: bind
	at com.company.wextag.service.impl.PurchaseTransactionServiceImplTest.setUp(PurchaseTransactionServiceImplTest.java:67)
</error>
  </testcase>
  <testcase name="testGetTransactionById" classname="com.company.wextag.service.impl.PurchaseTransactionServiceImplTest" time="0.017">
    <error message="java.lang.RuntimeException: java.io.IOException: Failed to bind to /0.0.0.0:8080" type="com.github.tomakehurst.wiremock.common.FatalStartupException">com.github.tomakehurst.wiremock.common.FatalStartupException: java.lang.RuntimeException: java.io.IOException: Failed to bind to /0.0.0.0:8080
	at com.company.wextag.service.impl.PurchaseTransactionServiceImplTest.setUp(PurchaseTransactionServiceImplTest.java:67)
Caused by: java.lang.RuntimeException: java.io.IOException: Failed to bind to /0.0.0.0:8080
	at com.company.wextag.service.impl.PurchaseTransactionServiceImplTest.setUp(PurchaseTransactionServiceImplTest.java:67)
Caused by: java.io.IOException: Failed to bind to /0.0.0.0:8080
	at com.company.wextag.service.impl.PurchaseTransactionServiceImplTest.setUp(PurchaseTransactionServiceImplTest.java:67)
Caused by: java.net.BindException: Address already in use: bind
	at com.company.wextag.service.impl.PurchaseTransactionServiceImplTest.setUp(PurchaseTransactionServiceImplTest.java:67)
</error>
  </testcase>
  <testcase name="testGetAllTransactions" classname="com.company.wextag.service.impl.PurchaseTransactionServiceImplTest" time="0.017">
    <error message="java.lang.RuntimeException: java.io.IOException: Failed to bind to /0.0.0.0:8080" type="com.github.tomakehurst.wiremock.common.FatalStartupException">com.github.tomakehurst.wiremock.common.FatalStartupException: java.lang.RuntimeException: java.io.IOException: Failed to bind to /0.0.0.0:8080
	at com.company.wextag.service.impl.PurchaseTransactionServiceImplTest.setUp(PurchaseTransactionServiceImplTest.java:67)
Caused by: java.lang.RuntimeException: java.io.IOException: Failed to bind to /0.0.0.0:8080
	at com.company.wextag.service.impl.PurchaseTransactionServiceImplTest.setUp(PurchaseTransactionServiceImplTest.java:67)
Caused by: java.io.IOException: Failed to bind to /0.0.0.0:8080
	at com.company.wextag.service.impl.PurchaseTransactionServiceImplTest.setUp(PurchaseTransactionServiceImplTest.java:67)
Caused by: java.net.BindException: Address already in use: bind
	at com.company.wextag.service.impl.PurchaseTransactionServiceImplTest.setUp(PurchaseTransactionServiceImplTest.java:67)
</error>
  </testcase>
  <testcase name="testModelToDto" classname="com.company.wextag.service.impl.PurchaseTransactionServiceImplTest" time="0.021">
    <error message="java.lang.RuntimeException: java.io.IOException: Failed to bind to /0.0.0.0:8080" type="com.github.tomakehurst.wiremock.common.FatalStartupException">com.github.tomakehurst.wiremock.common.FatalStartupException: java.lang.RuntimeException: java.io.IOException: Failed to bind to /0.0.0.0:8080
	at com.company.wextag.service.impl.PurchaseTransactionServiceImplTest.setUp(PurchaseTransactionServiceImplTest.java:67)
Caused by: java.lang.RuntimeException: java.io.IOException: Failed to bind to /0.0.0.0:8080
	at com.company.wextag.service.impl.PurchaseTransactionServiceImplTest.setUp(PurchaseTransactionServiceImplTest.java:67)
Caused by: java.io.IOException: Failed to bind to /0.0.0.0:8080
	at com.company.wextag.service.impl.PurchaseTransactionServiceImplTest.setUp(PurchaseTransactionServiceImplTest.java:67)
Caused by: java.net.BindException: Address already in use: bind
	at com.company.wextag.service.impl.PurchaseTransactionServiceImplTest.setUp(PurchaseTransactionServiceImplTest.java:67)
</error>
  </testcase>
  <testcase name="testGetConvertedTransaction" classname="com.company.wextag.service.impl.PurchaseTransactionServiceImplTest" time="0.014">
    <error message="java.lang.RuntimeException: java.io.IOException: Failed to bind to /0.0.0.0:8080" type="com.github.tomakehurst.wiremock.common.FatalStartupException">com.github.tomakehurst.wiremock.common.FatalStartupException: java.lang.RuntimeException: java.io.IOException: Failed to bind to /0.0.0.0:8080
	at com.company.wextag.service.impl.PurchaseTransactionServiceImplTest.setUp(PurchaseTransactionServiceImplTest.java:67)
Caused by: java.lang.RuntimeException: java.io.IOException: Failed to bind to /0.0.0.0:8080
	at com.company.wextag.service.impl.PurchaseTransactionServiceImplTest.setUp(PurchaseTransactionServiceImplTest.java:67)
Caused by: java.io.IOException: Failed to bind to /0.0.0.0:8080
	at com.company.wextag.service.impl.PurchaseTransactionServiceImplTest.setUp(PurchaseTransactionServiceImplTest.java:67)
Caused by: java.net.BindException: Address already in use: bind
	at com.company.wextag.service.impl.PurchaseTransactionServiceImplTest.setUp(PurchaseTransactionServiceImplTest.java:67)
</error>
  </testcase>
</testsuite>